2025-01-17 12:46:59,396 - INFO - Feature columns saved to models/feature_columns.txt
2025-01-17 12:47:00,205 - ERROR - Error in training model: For a model with multiple outputs, when providing the `metrics` argument as a list, it should have as many entries as the model has outputs. Received:
metrics=['accuracy']
of length 1 whereas the model has 2 outputs.
2025-01-17 12:48:13,139 - INFO - Feature columns saved to models/feature_columns.txt
2025-01-17 12:48:15,706 - WARNING - You are saving your model as an HDF5 file via `model.save()` or `keras.saving.save_model(model)`. This file format is considered legacy. We recommend using instead the native Keras format, e.g. `model.save('my_model.keras')` or `keras.saving.save_model(model, 'my_model.keras')`. 
2025-01-17 12:48:15,776 - INFO - Model saved to models/element_model.h5
2025-01-17 13:59:42,471 - INFO - Feature columns saved to models/feature_columns.txt
2025-01-17 13:59:44,571 - WARNING - You are saving your model as an HDF5 file via `model.save()` or `keras.saving.save_model(model)`. This file format is considered legacy. We recommend using instead the native Keras format, e.g. `model.save('my_model.keras')` or `keras.saving.save_model(model, 'my_model.keras')`. 
2025-01-17 13:59:44,653 - INFO - Model saved to models/element_model.h5
2025-01-17 14:13:25,854 - INFO - Feature columns saved to models/feature_columns.txt
2025-01-17 14:13:27,749 - WARNING - You are saving your model as an HDF5 file via `model.save()` or `keras.saving.save_model(model)`. This file format is considered legacy. We recommend using instead the native Keras format, e.g. `model.save('my_model.keras')` or `keras.saving.save_model(model, 'my_model.keras')`. 
2025-01-17 14:13:27,814 - INFO - Model saved to models/element_model.h5
2025-01-17 14:19:49,279 - INFO - Feature columns saved to models/feature_columns.txt
2025-01-17 14:19:51,205 - WARNING - You are saving your model as an HDF5 file via `model.save()` or `keras.saving.save_model(model)`. This file format is considered legacy. We recommend using instead the native Keras format, e.g. `model.save('my_model.keras')` or `keras.saving.save_model(model, 'my_model.keras')`. 
2025-01-17 14:19:51,275 - INFO - Model saved to models/element_model.h5
2025-01-17 14:23:41,813 - INFO - Feature columns saved to models/feature_columns.txt
2025-01-17 14:23:44,024 - WARNING - You are saving your model as an HDF5 file via `model.save()` or `keras.saving.save_model(model)`. This file format is considered legacy. We recommend using instead the native Keras format, e.g. `model.save('my_model.keras')` or `keras.saving.save_model(model, 'my_model.keras')`. 
2025-01-17 14:23:44,102 - INFO - Model saved to models/element_model.h5
2025-01-17 14:33:29,173 - INFO - Feature columns saved to models/feature_columns.txt
2025-01-17 14:33:31,251 - WARNING - You are saving your model as an HDF5 file via `model.save()` or `keras.saving.save_model(model)`. This file format is considered legacy. We recommend using instead the native Keras format, e.g. `model.save('my_model.keras')` or `keras.saving.save_model(model, 'my_model.keras')`. 
2025-01-17 14:33:31,309 - INFO - Model saved to models/element_model.h5
2025-01-17 14:48:01,871 - INFO - Feature columns saved to models/feature_columns.txt
2025-01-17 14:48:03,788 - WARNING - You are saving your model as an HDF5 file via `model.save()` or `keras.saving.save_model(model)`. This file format is considered legacy. We recommend using instead the native Keras format, e.g. `model.save('my_model.keras')` or `keras.saving.save_model(model, 'my_model.keras')`. 
2025-01-17 14:48:03,850 - INFO - Model saved to models/element_model.h5
2025-01-17 14:53:45,252 - INFO - Feature columns saved to models/feature_columns.txt
2025-01-17 14:53:47,406 - WARNING - You are saving your model as an HDF5 file via `model.save()` or `keras.saving.save_model(model)`. This file format is considered legacy. We recommend using instead the native Keras format, e.g. `model.save('my_model.keras')` or `keras.saving.save_model(model, 'my_model.keras')`. 
2025-01-17 14:53:47,430 - INFO - Model saved to models/element_model.h5
2025-01-17 16:18:59,278 - INFO - Feature columns saved to models/feature_columns.txt
2025-01-17 16:19:01,288 - WARNING - You are saving your model as an HDF5 file via `model.save()` or `keras.saving.save_model(model)`. This file format is considered legacy. We recommend using instead the native Keras format, e.g. `model.save('my_model.keras')` or `keras.saving.save_model(model, 'my_model.keras')`. 
2025-01-17 16:19:01,350 - INFO - Model saved to models/element_model.h5
2025-01-17 16:19:17,533 - INFO - Feature columns saved to models/feature_columns.txt
2025-01-17 16:19:19,550 - WARNING - You are saving your model as an HDF5 file via `model.save()` or `keras.saving.save_model(model)`. This file format is considered legacy. We recommend using instead the native Keras format, e.g. `model.save('my_model.keras')` or `keras.saving.save_model(model, 'my_model.keras')`. 
2025-01-17 16:19:19,612 - INFO - Model saved to models/element_model.h5
2025-01-17 16:19:33,908 - INFO - Feature columns saved to models/feature_columns.txt
2025-01-17 16:19:34,138 - ERROR - Error in training model: Arguments `target` and `output` must have the same shape. Received: target.shape=(None, 1), output.shape=(None, 6)
2025-01-17 16:20:12,274 - INFO - Feature columns saved to models/feature_columns.txt
2025-01-17 16:20:12,335 - ERROR - Error in training model: Invalid dtype: tuple
2025-01-17 16:24:55,494 - X_train shape: (3, 25), y_label_train shape: (3, 2), y_locator_train shape: (3, 1)
2025-01-17 16:24:58,053 - You are saving your model as an HDF5 file via `model.save()` or `keras.saving.save_model(model)`. This file format is considered legacy. We recommend using instead the native Keras format, e.g. `model.save('my_model.keras')` or `keras.saving.save_model(model, 'my_model.keras')`. 
2025-01-17 16:24:58,143 - Model saved to models/element_model.h5
2025-01-17 16:25:19,427 - X_train shape: (3, 25), y_label_train shape: (3, 2), y_locator_train shape: (3, 1)
2025-01-17 16:25:22,398 - You are saving your model as an HDF5 file via `model.save()` or `keras.saving.save_model(model)`. This file format is considered legacy. We recommend using instead the native Keras format, e.g. `model.save('my_model.keras')` or `keras.saving.save_model(model, 'my_model.keras')`. 
2025-01-17 16:25:22,505 - Model saved to models/element_model.h5
